2022-06-14 18:15:08.194  INFO 33232 --- [restartedMain] c.m.gerenciador.NtConsultApplication     : Starting NtConsultApplication using Java 11.0.12 on DESKTOP-T6KTKSE with PID 33232 (C:\Users\T-GAMER\Desktop\NTConsult\target\classes started by T-GAMER in C:\Users\T-GAMER\Desktop\NTConsult)
2022-06-14 18:15:08.195  INFO 33232 --- [restartedMain] c.m.gerenciador.NtConsultApplication     : The following 1 profile is active: "test"
2022-06-14 18:15:08.221  INFO 33232 --- [restartedMain] .e.DevToolsPropertyDefaultsPostProcessor : Devtools property defaults active! Set 'spring.devtools.add-properties' to 'false' to disable
2022-06-14 18:15:08.222  INFO 33232 --- [restartedMain] .e.DevToolsPropertyDefaultsPostProcessor : For additional web related logging consider setting the 'logging.level.web' property to 'DEBUG'
2022-06-14 18:15:08.737  INFO 33232 --- [restartedMain] .s.d.r.c.RepositoryConfigurationDelegate : Bootstrapping Spring Data JPA repositories in DEFAULT mode.
2022-06-14 18:15:08.766  INFO 33232 --- [restartedMain] .s.d.r.c.RepositoryConfigurationDelegate : Finished Spring Data repository scanning in 24 ms. Found 1 JPA repository interfaces.
2022-06-14 18:15:09.156  INFO 33232 --- [restartedMain] o.s.b.w.embedded.tomcat.TomcatWebServer  : Tomcat initialized with port(s): 8080 (http)
2022-06-14 18:15:09.162  INFO 33232 --- [restartedMain] o.apache.catalina.core.StandardService   : Starting service [Tomcat]
2022-06-14 18:15:09.162  INFO 33232 --- [restartedMain] org.apache.catalina.core.StandardEngine  : Starting Servlet engine: [Apache Tomcat/9.0.63]
2022-06-14 18:15:09.233  INFO 33232 --- [restartedMain] o.a.c.c.C.[Tomcat].[localhost].[/]       : Initializing Spring embedded WebApplicationContext
2022-06-14 18:15:09.234  INFO 33232 --- [restartedMain] w.s.c.ServletWebServerApplicationContext : Root WebApplicationContext: initialization completed in 1012 ms
2022-06-14 18:15:09.261  INFO 33232 --- [restartedMain] com.zaxxer.hikari.HikariDataSource       : HikariPool-1 - Starting...
2022-06-14 18:15:09.317  INFO 33232 --- [restartedMain] com.zaxxer.hikari.HikariDataSource       : HikariPool-1 - Start completed.
2022-06-14 18:15:09.323  INFO 33232 --- [restartedMain] o.s.b.a.h2.H2ConsoleAutoConfiguration    : H2 console available at '/h2-console'. Database available at 'jdbc:h2:mem:testdb'
2022-06-14 18:15:09.412  INFO 33232 --- [restartedMain] o.hibernate.jpa.internal.util.LogHelper  : HHH000204: Processing PersistenceUnitInfo [name: default]
2022-06-14 18:15:09.436  INFO 33232 --- [restartedMain] org.hibernate.Version                    : HHH000412: Hibernate ORM core version 5.6.9.Final
2022-06-14 18:15:09.500  INFO 33232 --- [restartedMain] o.hibernate.annotations.common.Version   : HCANN000001: Hibernate Commons Annotations {5.1.2.Final}
2022-06-14 18:15:09.553  INFO 33232 --- [restartedMain] org.hibernate.dialect.Dialect            : HHH000400: Using dialect: org.hibernate.dialect.H2Dialect
2022-06-14 18:15:09.860  INFO 33232 --- [restartedMain] o.h.e.t.j.p.i.JtaPlatformInitiator       : HHH000490: Using JtaPlatform implementation: [org.hibernate.engine.transaction.jta.platform.internal.NoJtaPlatform]
2022-06-14 18:15:09.865  INFO 33232 --- [restartedMain] j.LocalContainerEntityManagerFactoryBean : Initialized JPA EntityManagerFactory for persistence unit 'default'
2022-06-14 18:15:10.231  WARN 33232 --- [restartedMain] JpaBaseConfiguration$JpaWebConfiguration : spring.jpa.open-in-view is enabled by default. Therefore, database queries may be performed during view rendering. Explicitly configure spring.jpa.open-in-view to disable this warning
2022-06-14 18:15:10.497  INFO 33232 --- [restartedMain] o.s.b.d.a.OptionalLiveReloadServer       : LiveReload server is running on port 35729
2022-06-14 18:15:10.821  INFO 33232 --- [restartedMain] o.s.b.w.embedded.tomcat.TomcatWebServer  : Tomcat started on port(s): 8080 (http) with context path ''
2022-06-14 18:15:10.962  INFO 33232 --- [restartedMain] c.m.gerenciador.NtConsultApplication     : Started NtConsultApplication in 3.002 seconds (JVM running for 3.681)
2022-06-14 18:16:48.666  INFO 33232 --- [http-nio-8080-exec-1] o.a.c.c.C.[Tomcat].[localhost].[/]       : Initializing Spring DispatcherServlet 'dispatcherServlet'
2022-06-14 18:16:48.667  INFO 33232 --- [http-nio-8080-exec-1] o.s.web.servlet.DispatcherServlet        : Initializing Servlet 'dispatcherServlet'
2022-06-14 18:16:48.668  INFO 33232 --- [http-nio-8080-exec-1] o.s.web.servlet.DispatcherServlet        : Completed initialization in 1 ms
